Using pre-set license
Built from '2022.3/staging' branch; Version is '2022.3.17f1 (4fc78088f837) revision 5228416'; Using compiler version '192829333'; Build Type 'Release'
OS: 'Windows 10  (10.0.19045) 64bit Professional' Language: 'ru' Physical Memory: 16197 MB
BatchMode: 1, IsHumanControllingUs: 0, StartBugReporterOnCrash: 0, Is64bit: 1, IsPro: 1

COMMAND LINE ARGUMENTS:
C:\Program Files\Unity\Hub\Editor\2022.3.17f1\Editor\Unity.exe
-adb2
-batchMode
-noUpm
-name
AssetImportWorker2
-projectPath
E:/project/Khakaton111
-logFile
Logs/AssetImportWorker2.log
-srvPort
65000
Successfully changed project path to: E:/project/Khakaton111
E:/project/Khakaton111
[UnityMemory] Configuration Parameters - Can be set up in boot.config
    "memorysetup-bucket-allocator-granularity=16"
    "memorysetup-bucket-allocator-bucket-count=8"
    "memorysetup-bucket-allocator-block-size=33554432"
    "memorysetup-bucket-allocator-block-count=8"
    "memorysetup-main-allocator-block-size=16777216"
    "memorysetup-thread-allocator-block-size=16777216"
    "memorysetup-gfx-main-allocator-block-size=16777216"
    "memorysetup-gfx-thread-allocator-block-size=16777216"
    "memorysetup-cache-allocator-block-size=4194304"
    "memorysetup-typetree-allocator-block-size=2097152"
    "memorysetup-profiler-bucket-allocator-granularity=16"
    "memorysetup-profiler-bucket-allocator-bucket-count=8"
    "memorysetup-profiler-bucket-allocator-block-size=33554432"
    "memorysetup-profiler-bucket-allocator-block-count=8"
    "memorysetup-profiler-allocator-block-size=16777216"
    "memorysetup-profiler-editor-allocator-block-size=1048576"
    "memorysetup-temp-allocator-size-main=16777216"
    "memorysetup-job-temp-allocator-block-size=2097152"
    "memorysetup-job-temp-allocator-block-size-background=1048576"
    "memorysetup-job-temp-allocator-reduction-small-platforms=262144"
    "memorysetup-allocator-temp-initial-block-size-main=262144"
    "memorysetup-allocator-temp-initial-block-size-worker=262144"
    "memorysetup-temp-allocator-size-background-worker=32768"
    "memorysetup-temp-allocator-size-job-worker=262144"
    "memorysetup-temp-allocator-size-preload-manager=33554432"
    "memorysetup-temp-allocator-size-nav-mesh-worker=65536"
    "memorysetup-temp-allocator-size-audio-worker=65536"
    "memorysetup-temp-allocator-size-cloud-worker=32768"
    "memorysetup-temp-allocator-size-gi-baking-worker=262144"
    "memorysetup-temp-allocator-size-gfx=262144"
Player connection [23508] Host "[IP] 192.168.0.103 [Port] 0 [Flags] 2 [Guid] 1684996984 [EditorId] 1684996984 [Version] 1048832 [Id] WindowsEditor(7,DESKTOP-3E7I11T) [Debug] 1 [PackageName] WindowsEditor [ProjectName] Editor" joined multi-casting on [225.0.0.222:54997]...

Player connection [23508] Host "[IP] 192.168.0.103 [Port] 0 [Flags] 2 [Guid] 1684996984 [EditorId] 1684996984 [Version] 1048832 [Id] WindowsEditor(7,DESKTOP-3E7I11T) [Debug] 1 [PackageName] WindowsEditor [ProjectName] Editor" joined alternative multi-casting on [225.0.0.222:34997]...

[Physics::Module] Initialized MultithreadedJobDispatcher with 11 workers.
Refreshing native plugins compatible for Editor in 6.67 ms, found 3 plugins.
Preloading 0 native plugins for Editor in 0.00 ms.
Initialize engine version: 2022.3.17f1 (4fc78088f837)
[Subsystems] Discovering subsystems at path C:/Program Files/Unity/Hub/Editor/2022.3.17f1/Editor/Data/Resources/UnitySubsystems
[Subsystems] Discovering subsystems at path E:/project/Khakaton111/Assets
GfxDevice: creating device client; threaded=0; jobified=0
Direct3D:
    Version:  Direct3D 11.0 [level 11.1]
    Renderer: NVIDIA GeForce RTX 3060 (ID=0x2504)
    Vendor:   NVIDIA
    VRAM:     12115 MB
    Driver:   31.0.15.5244
Initialize mono
Mono path[0] = 'C:/Program Files/Unity/Hub/Editor/2022.3.17f1/Editor/Data/Managed'
Mono path[1] = 'C:/Program Files/Unity/Hub/Editor/2022.3.17f1/Editor/Data/MonoBleedingEdge/lib/mono/unityjit-win32'
Mono config path = 'C:/Program Files/Unity/Hub/Editor/2022.3.17f1/Editor/Data/MonoBleedingEdge/etc'
Using monoOptions --debugger-agent=transport=dt_socket,embedding=1,server=y,suspend=n,address=127.0.0.1:56812
Begin MonoManager ReloadAssembly
Registering precompiled unity dll's ...
Register platform support module: C:/Program Files/Unity/Hub/Editor/2022.3.17f1/Editor/Data/PlaybackEngines/WebGLSupport/UnityEditor.WebGL.Extensions.dll
Register platform support module: C:/Program Files/Unity/Hub/Editor/2022.3.17f1/Editor/Data/PlaybackEngines/WindowsStandaloneSupport/UnityEditor.WindowsStandalone.Extensions.dll
Register platform support module: C:/Program Files/Unity/Hub/Editor/2022.3.17f1/Editor/Data/PlaybackEngines/MetroSupport/UnityEditor.UWP.Extensions.dll
Registered in 0.008965 seconds.
- Loaded All Assemblies, in  0.272 seconds
Native extension for UWP target not found
Native extension for WindowsStandalone target not found
Native extension for WebGL target not found
Mono: successfully reloaded assembly
- Finished resetting the current domain, in  0.184 seconds
Domain Reload Profiling: 455ms
	BeginReloadAssembly (80ms)
		ExecutionOrderSort (0ms)
		DisableScriptedObjects (0ms)
		BackupInstance (0ms)
		ReleaseScriptingObjects (0ms)
		CreateAndSetChildDomain (1ms)
	RebuildCommonClasses (24ms)
	RebuildNativeTypeToScriptingClass (8ms)
	initialDomainReloadingComplete (50ms)
	LoadAllAssembliesAndSetupDomain (108ms)
		LoadAssemblies (79ms)
		RebuildTransferFunctionScriptingTraits (0ms)
		AnalyzeDomain (106ms)
			TypeCache.Refresh (105ms)
				TypeCache.ScanAssembly (95ms)
			ScanForSourceGeneratedMonoScriptInfo (0ms)
			ResolveRequiredComponents (0ms)
	FinalizeReload (185ms)
		ReleaseScriptCaches (0ms)
		RebuildScriptCaches (0ms)
		SetupLoadedEditorAssemblies (145ms)
			LogAssemblyErrors (0ms)
			InitializePlatformSupportModulesInManaged (9ms)
			SetLoadedEditorAssemblies (3ms)
			RefreshPlugins (0ms)
			BeforeProcessingInitializeOnLoad (2ms)
			ProcessInitializeOnLoadAttributes (99ms)
			ProcessInitializeOnLoadMethodAttributes (31ms)
			AfterProcessingInitializeOnLoad (0ms)
			EditorAssembliesLoaded (0ms)
		ExecutionOrderSort2 (0ms)
		AwakeInstancesAfterBackupRestoration (0ms)
========================================================================
Worker process is ready to serve import requests
Begin MonoManager ReloadAssembly
- Loaded All Assemblies, in  0.431 seconds
Refreshing native plugins compatible for Editor in 1.68 ms, found 3 plugins.
Native extension for UWP target not found
Native extension for WindowsStandalone target not found
Native extension for WebGL target not found
Package Manager log level set to [2]
[Package Manager] Server::EnsureServerProcessIsRunning -- launch failed, reason: Unity was launched with the -noUpm command-line argument
[Package Manager] UpmClient::Send -- Unable to send message (not connected to UPM process).
[Package Manager] Cannot connect to Unity Package Manager local server
Mono: successfully reloaded assembly
- Finished resetting the current domain, in  0.390 seconds
Domain Reload Profiling: 820ms
	BeginReloadAssembly (106ms)
		ExecutionOrderSort (0ms)
		DisableScriptedObjects (4ms)
		BackupInstance (0ms)
		ReleaseScriptingObjects (0ms)
		CreateAndSetChildDomain (15ms)
	RebuildCommonClasses (24ms)
	RebuildNativeTypeToScriptingClass (8ms)
	initialDomainReloadingComplete (33ms)
	LoadAllAssembliesAndSetupDomain (259ms)
		LoadAssemblies (195ms)
		RebuildTransferFunctionScriptingTraits (0ms)
		AnalyzeDomain (126ms)
			TypeCache.Refresh (112ms)
				TypeCache.ScanAssembly (102ms)
			ScanForSourceGeneratedMonoScriptInfo (10ms)
			ResolveRequiredComponents (3ms)
	FinalizeReload (391ms)
		ReleaseScriptCaches (0ms)
		RebuildScriptCaches (0ms)
		SetupLoadedEditorAssemblies (291ms)
			LogAssemblyErrors (0ms)
			InitializePlatformSupportModulesInManaged (7ms)
			SetLoadedEditorAssemblies (2ms)
			RefreshPlugins (0ms)
			BeforeProcessingInitializeOnLoad (41ms)
			ProcessInitializeOnLoadAttributes (222ms)
			ProcessInitializeOnLoadMethodAttributes (14ms)
			AfterProcessingInitializeOnLoad (6ms)
			EditorAssembliesLoaded (0ms)
		ExecutionOrderSort2 (0ms)
		AwakeInstancesAfterBackupRestoration (4ms)
Launched and connected shader compiler UnityShaderCompiler.exe after 0.03 seconds
Refreshing native plugins compatible for Editor in 1.98 ms, found 3 plugins.
Preloading 0 native plugins for Editor in 0.00 ms.
Unloading 3099 Unused Serialized files (Serialized files now loaded: 0)
Unloading 32 unused Assets / (57.2 KB). Loaded Objects now: 3569.
Memory consumption went from 123.8 MB to 123.8 MB.
Total: 2.538000 ms (FindLiveObjects: 0.169500 ms CreateObjectMapping: 0.049800 ms MarkObjects: 2.237300 ms  DeleteObjects: 0.080400 ms)

AssetImportParameters requested are different than current active one (requested -> active):
  custom:container-demuxer-ogg: 62fdf1f143b41e24485cea50d1cbac27 -> 
  custom:video-decoder-ogg-theora: a1e56fd34408186e4bbccfd4996cb3dc -> 
  custom:framework-win-MediaFoundation: 216162199b28c13a410421893ffa2e32 -> 
  custom:CustomObjectIndexerAttribute: 6d391050e5a25f67b0a2c618074f2cd9 -> 
  custom:container-demuxer-webm: 4f35f7cbe854078d1ac9338744f61a02 -> 
  custom:container-muxer-webm: aa71ff27fc2769a1b78a27578f13a17b -> 
  custom:video-decoder-webm-vp8: 9c59270c3fd7afecdb556c50c9e8de78 -> 
  custom:SearchIndexIgnoredProperties: e643bd26f0fe6173181afceb89e7c659 -> 
  custom:AudioImporter_EditorPlatform: d09bf68614088b80899f8185d706f6e7 -> 
  custom:video-encoder-webm-vp8: eb34c28f22e8b96e1ab97ce403110664 -> 
  custom:audio-decoder-ogg-vorbis: bf7c407c2cedff20999df2af8eb42d56 -> 
  custom:audio-encoder-webm-vorbis: bf7c407c2cedff20999df2af8eb42d56 -> 
========================================================================
Received Import Request.
  Time since last request: 157816.105507 seconds.
  path: Assets
  artifactKey: Guid(00000000000000001000000000000000) Importer(815301076,1909f56bfc062723c751e8b465ee728b)
Start importing Assets using Guid(00000000000000001000000000000000) Importer(815301076,1909f56bfc062723c751e8b465ee728b)  -> (artifact id: '8a4fe85251aa2e89732c359432baa2c3') in 0.007717 seconds
Number of updated asset objects reloaded before import = 0
Number of asset objects unloaded after import = 0
========================================================================
Received Import Request.
  Time since last request: 16.202164 seconds.
  path: Assets/resourses
  artifactKey: Guid(b1414920237fcd34fa48e7c8c1e790be) Importer(815301076,1909f56bfc062723c751e8b465ee728b)
Start importing Assets/resourses using Guid(b1414920237fcd34fa48e7c8c1e790be) Importer(815301076,1909f56bfc062723c751e8b465ee728b)  -> (artifact id: 'c1db7a629cd796ed0026194d613da369') in 0.000446 seconds
Number of updated asset objects reloaded before import = 0
Number of asset objects unloaded after import = 0
========================================================================
Received Import Request.
  Time since last request: 21.189985 seconds.
  path: Assets/resourses/Texture
  artifactKey: Guid(7154815d8dee7e94285ffc98d9816466) Importer(815301076,1909f56bfc062723c751e8b465ee728b)
Start importing Assets/resourses/Texture using Guid(7154815d8dee7e94285ffc98d9816466) Importer(815301076,1909f56bfc062723c751e8b465ee728b)  -> (artifact id: 'cbad32a7a3d9f4d34c5a3a5ea74dada4') in 0.000412 seconds
Number of updated asset objects reloaded before import = 0
Number of asset objects unloaded after import = 0
========================================================================
Received Import Request.
  Time since last request: 142.221260 seconds.
  path: Assets/Scenes/Other Textures/Concrete_NRM.jpg
  artifactKey: Guid(2353379c3b0968d4d8793f3977e38876) Importer(815301076,1909f56bfc062723c751e8b465ee728b)
Start importing Assets/Scenes/Other Textures/Concrete_NRM.jpg using Guid(2353379c3b0968d4d8793f3977e38876) Importer(815301076,1909f56bfc062723c751e8b465ee728b)  -> (artifact id: '04e2f357aa43895f84e8220931b7049f') in 0.089674 seconds
Number of updated asset objects reloaded before import = 0
Number of asset objects unloaded after import = 2
========================================================================
Received Import Request.
  Time since last request: 90.663539 seconds.
  path: Assets/Scenes/Other Textures/Test_NRM.jpg
  artifactKey: Guid(cd51be8e80f07f44d8b5c60da8802521) Importer(815301076,1909f56bfc062723c751e8b465ee728b)
Start importing Assets/Scenes/Other Textures/Test_NRM.jpg using Guid(cd51be8e80f07f44d8b5c60da8802521) Importer(815301076,1909f56bfc062723c751e8b465ee728b)  -> (artifact id: 'd16901a8cb6618da48b66083cb8f85d9') in 0.069192 seconds
Number of updated asset objects reloaded before import = 0
Number of asset objects unloaded after import = 2
========================================================================
Received Import Request.
  Time since last request: 17.910212 seconds.
  path: Assets/resourses/Texture/Other Textures
  artifactKey: Guid(330d58ddf29d78143882fc7717cc8bcb) Importer(815301076,1909f56bfc062723c751e8b465ee728b)
Start importing Assets/resourses/Texture/Other Textures using Guid(330d58ddf29d78143882fc7717cc8bcb) Importer(815301076,1909f56bfc062723c751e8b465ee728b)  -> (artifact id: '8e9943a1a9870b39d13151b4dd99861a') in 0.000424 seconds
Number of updated asset objects reloaded before import = 0
Number of asset objects unloaded after import = 0
========================================================================
Received Import Request.
  Time since last request: 1.461545 seconds.
  path: Assets/resourses/Texture/Other Textures/Concrete_NRM.jpg
  artifactKey: Guid(a01a861e0ac75b44ab6a0a5c9ee423d1) Importer(815301076,1909f56bfc062723c751e8b465ee728b)
Start importing Assets/resourses/Texture/Other Textures/Concrete_NRM.jpg using Guid(a01a861e0ac75b44ab6a0a5c9ee423d1) Importer(815301076,1909f56bfc062723c751e8b465ee728b)  -> (artifact id: 'adaf262ae7df0667d3fb8557f176ab79') in 0.041565 seconds
Number of updated asset objects reloaded before import = 0
Number of asset objects unloaded after import = 2
========================================================================
Received Import Request.
  Time since last request: 0.000023 seconds.
  path: Assets/resourses/Texture/Other Textures/Texture_Awning.png
  artifactKey: Guid(06f446dd028a68744acc26c0e47e920e) Importer(815301076,1909f56bfc062723c751e8b465ee728b)
Start importing Assets/resourses/Texture/Other Textures/Texture_Awning.png using Guid(06f446dd028a68744acc26c0e47e920e) Importer(815301076,1909f56bfc062723c751e8b465ee728b)  -> (artifact id: 'ea5f06cd8364b16cd3f161cd940674a4') in 0.015996 seconds
Number of updated asset objects reloaded before import = 0
Number of asset objects unloaded after import = 2
========================================================================
Received Import Request.
  Time since last request: 0.000079 seconds.
  path: Assets/resourses/Texture/Other Textures/Texture_Air_conditioning.png
  artifactKey: Guid(7e45f7308bc9e4c429d6ccb4cfcbff65) Importer(815301076,1909f56bfc062723c751e8b465ee728b)
Start importing Assets/resourses/Texture/Other Textures/Texture_Air_conditioning.png using Guid(7e45f7308bc9e4c429d6ccb4cfcbff65) Importer(815301076,1909f56bfc062723c751e8b465ee728b)  -> (artifact id: '21610be4aa40d025d4056c596d9d257e') in 0.017642 seconds
Number of updated asset objects reloaded before import = 0
Number of asset objects unloaded after import = 2
========================================================================
Received Import Request.
  Time since last request: 0.000025 seconds.
  path: Assets/resourses/Texture/Other Textures/Texture_Awning1.png
  artifactKey: Guid(6777adc779ff33147b25b16bdae2c3fd) Importer(815301076,1909f56bfc062723c751e8b465ee728b)
Start importing Assets/resourses/Texture/Other Textures/Texture_Awning1.png using Guid(6777adc779ff33147b25b16bdae2c3fd) Importer(815301076,1909f56bfc062723c751e8b465ee728b)  -> (artifact id: '77586cca1a0bc27f96b625983be60b28') in 0.012354 seconds
Number of updated asset objects reloaded before import = 0
Number of asset objects unloaded after import = 2
========================================================================
Received Import Request.
  Time since last request: 0.000047 seconds.
  path: Assets/resourses/Texture/Other Textures/Texture_Metal.png
  artifactKey: Guid(fdf2337f7a6f0d7449f6d915e7ed20f9) Importer(815301076,1909f56bfc062723c751e8b465ee728b)
Start importing Assets/resourses/Texture/Other Textures/Texture_Metal.png using Guid(fdf2337f7a6f0d7449f6d915e7ed20f9) Importer(815301076,1909f56bfc062723c751e8b465ee728b)  -> (artifact id: '67514709588c73d18f2f1661005c8a83') in 0.016384 seconds
Number of updated asset objects reloaded before import = 0
Number of asset objects unloaded after import = 2
========================================================================
Received Import Request.
  Time since last request: 0.000017 seconds.
  path: Assets/resourses/Texture/Other Textures/Texture_Table.png
  artifactKey: Guid(50a478faa28208949959ef0a7838934a) Importer(815301076,1909f56bfc062723c751e8b465ee728b)
Start importing Assets/resourses/Texture/Other Textures/Texture_Table.png using Guid(50a478faa28208949959ef0a7838934a) Importer(815301076,1909f56bfc062723c751e8b465ee728b)  -> (artifact id: 'e9690ac97ee8419c639b2d4549dd4954') in 0.021911 seconds
Number of updated asset objects reloaded before import = 0
Number of asset objects unloaded after import = 2
========================================================================
Received Import Request.
  Time since last request: 0.000029 seconds.
  path: Assets/resourses/Texture/Other Textures/Texture_Building.png
  artifactKey: Guid(a1a8c0fa1e7c11c4ba635751874f1a1f) Importer(815301076,1909f56bfc062723c751e8b465ee728b)
Start importing Assets/resourses/Texture/Other Textures/Texture_Building.png using Guid(a1a8c0fa1e7c11c4ba635751874f1a1f) Importer(815301076,1909f56bfc062723c751e8b465ee728b)  -> (artifact id: 'aee8b0e4af41a9228a9a4c5c9b4314b8') in 0.017012 seconds
Number of updated asset objects reloaded before import = 0
Number of asset objects unloaded after import = 2
========================================================================
Received Import Request.
  Time since last request: 0.000014 seconds.
  path: Assets/resourses/Texture/Other Textures/Texture_La_Piesta.png
  artifactKey: Guid(6317675b2cd7d294084076708aae4f18) Importer(815301076,1909f56bfc062723c751e8b465ee728b)
Start importing Assets/resourses/Texture/Other Textures/Texture_La_Piesta.png using Guid(6317675b2cd7d294084076708aae4f18) Importer(815301076,1909f56bfc062723c751e8b465ee728b)  -> (artifact id: 'f5a31fea527f3100091fd6828b34cdd5') in 0.012434 seconds
Number of updated asset objects reloaded before import = 0
Number of asset objects unloaded after import = 2
========================================================================
Received Import Request.
  Time since last request: 0.000020 seconds.
  path: Assets/resourses/Texture/Other Textures/Test_NRM.jpg
  artifactKey: Guid(3e1701d3a1f4965498486d84ca6fb1dc) Importer(815301076,1909f56bfc062723c751e8b465ee728b)
Start importing Assets/resourses/Texture/Other Textures/Test_NRM.jpg using Guid(3e1701d3a1f4965498486d84ca6fb1dc) Importer(815301076,1909f56bfc062723c751e8b465ee728b)  -> (artifact id: '9b6e32946c607796484bd9370af76e15') in 0.018108 seconds
Number of updated asset objects reloaded before import = 0
Number of asset objects unloaded after import = 2
========================================================================
Received Import Request.
  Time since last request: 0.000022 seconds.
  path: Assets/resourses/Texture/Other Textures/Texture_Chair.png
  artifactKey: Guid(6a893221fae8ef54eb17ab9ab37083bd) Importer(815301076,1909f56bfc062723c751e8b465ee728b)
Start importing Assets/resourses/Texture/Other Textures/Texture_Chair.png using Guid(6a893221fae8ef54eb17ab9ab37083bd) Importer(815301076,1909f56bfc062723c751e8b465ee728b)  -> (artifact id: 'b1f3d358901a77528897b17747b30233') in 0.010312 seconds
Number of updated asset objects reloaded before import = 0
Number of asset objects unloaded after import = 2
========================================================================
Received Import Request.
  Time since last request: 168.312321 seconds.
  path: Assets/resourses/Material
  artifactKey: Guid(ff50a09cdb326cd40ae92da0e06bfd2a) Importer(815301076,1909f56bfc062723c751e8b465ee728b)
Start importing Assets/resourses/Material using Guid(ff50a09cdb326cd40ae92da0e06bfd2a) Importer(815301076,1909f56bfc062723c751e8b465ee728b)  -> (artifact id: '3bc2c463bfc58aeaa4842c0fa5b80855') in 0.000551 seconds
Number of updated asset objects reloaded before import = 0
Number of asset objects unloaded after import = 0
========================================================================
Received Import Request.
  Time since last request: 13.777199 seconds.
  path: Assets/resourses/Material/bric.mat
  artifactKey: Guid(ab0724a6fdd003d409fb980f32836adf) Importer(815301076,1909f56bfc062723c751e8b465ee728b)
Start importing Assets/resourses/Material/bric.mat using Guid(ab0724a6fdd003d409fb980f32836adf) Importer(815301076,1909f56bfc062723c751e8b465ee728b)  -> (artifact id: '0edc2027fcaadaaf90211cb135143b45') in 0.066909 seconds
Number of updated asset objects reloaded before import = 0
Number of asset objects unloaded after import = 1
========================================================================
Received Import Request.
  Time since last request: 113.546671 seconds.
  path: Assets/resourses/Texture/Other Textures/Texture_Building.png
  artifactKey: Guid(a1a8c0fa1e7c11c4ba635751874f1a1f) Importer(815301076,1909f56bfc062723c751e8b465ee728b)
Start importing Assets/resourses/Texture/Other Textures/Texture_Building.png using Guid(a1a8c0fa1e7c11c4ba635751874f1a1f) Importer(815301076,1909f56bfc062723c751e8b465ee728b)  -> (artifact id: '6623d8265e95314e944dec93a3c54a6b') in 0.022730 seconds
Number of updated asset objects reloaded before import = 0
Number of asset objects unloaded after import = 2
========================================================================
Received Import Request.
  Time since last request: 10.093227 seconds.
  path: Assets/resourses/Material/Texture_Building.png
  artifactKey: Guid(a9b2143eded7c1543a6e74689116859b) Importer(815301076,1909f56bfc062723c751e8b465ee728b)
Start importing Assets/resourses/Material/Texture_Building.png using Guid(a9b2143eded7c1543a6e74689116859b) Importer(815301076,1909f56bfc062723c751e8b465ee728b)  -> (artifact id: 'db171605531cdcfdc5ddfe74e6f66d54') in 0.016045 seconds
Number of updated asset objects reloaded before import = 0
Number of asset objects unloaded after import = 2
========================================================================
Received Import Request.
  Time since last request: 101.379808 seconds.
  path: Assets/resourses/Texture/Other Textures/nrm_bric.mat
  artifactKey: Guid(b49fa23d6d209b749b18e5566d282fca) Importer(815301076,1909f56bfc062723c751e8b465ee728b)
Start importing Assets/resourses/Texture/Other Textures/nrm_bric.mat using Guid(b49fa23d6d209b749b18e5566d282fca) Importer(815301076,1909f56bfc062723c751e8b465ee728b)  -> (artifact id: 'bdef9301b03bc74803a69e69df15915a') in 0.016717 seconds
Number of updated asset objects reloaded before import = 0
Number of asset objects unloaded after import = 1
========================================================================
Received Import Request.
  Time since last request: 15.905275 seconds.
  path: Assets/resourses/Texture/Other Textures/Test2_NRM.jpg
  artifactKey: Guid(484801f8358c3cf48a6ddf063d11b40f) Importer(815301076,1909f56bfc062723c751e8b465ee728b)
Start importing Assets/resourses/Texture/Other Textures/Test2_NRM.jpg using Guid(484801f8358c3cf48a6ddf063d11b40f) Importer(815301076,1909f56bfc062723c751e8b465ee728b)  -> (artifact id: 'fd6a95aae9a51feb1892b2aab1a145d9') in 0.031688 seconds
Number of updated asset objects reloaded before import = 0
Number of asset objects unloaded after import = 2
========================================================================
Received Import Request.
  Time since last request: 89.798522 seconds.
  path: Assets/resourses/Texture/Other Textures/Test_NRM.jpg
  artifactKey: Guid(3e1701d3a1f4965498486d84ca6fb1dc) Importer(815301076,1909f56bfc062723c751e8b465ee728b)
Start importing Assets/resourses/Texture/Other Textures/Test_NRM.jpg using Guid(3e1701d3a1f4965498486d84ca6fb1dc) Importer(815301076,1909f56bfc062723c751e8b465ee728b)  -> (artifact id: '8a5033c8628617fa4a9a39392bfa2c4a') in 0.107120 seconds
Number of updated asset objects reloaded before import = 0
Number of asset objects unloaded after import = 2
========================================================================
Received Import Request.
  Time since last request: 164.150677 seconds.
  path: Assets/resourses/Texture/Other Textures/NRM_bric.mat
  artifactKey: Guid(b49fa23d6d209b749b18e5566d282fca) Importer(815301076,1909f56bfc062723c751e8b465ee728b)
Start importing Assets/resourses/Texture/Other Textures/NRM_bric.mat using Guid(b49fa23d6d209b749b18e5566d282fca) Importer(815301076,1909f56bfc062723c751e8b465ee728b)  -> (artifact id: '4294715d8ebc3d66b04f6f8025a1a584') in 0.026250 seconds
Number of updated asset objects reloaded before import = 0
Number of asset objects unloaded after import = 1
========================================================================
Received Import Request.
  Time since last request: 35.139483 seconds.
  path: Assets/resourses/Texture/Other Textures/bric.mat
  artifactKey: Guid(98a2925af153e0640bcb89c1f50fc4eb) Importer(815301076,1909f56bfc062723c751e8b465ee728b)
Start importing Assets/resourses/Texture/Other Textures/bric.mat using Guid(98a2925af153e0640bcb89c1f50fc4eb) Importer(815301076,1909f56bfc062723c751e8b465ee728b)  -> (artifact id: 'd232993f95bbed05d21e15e0f1fdf6a8') in 0.022460 seconds
Number of updated asset objects reloaded before import = 0
Number of asset objects unloaded after import = 2
========================================================================
Received Import Request.
  Time since last request: 228.687906 seconds.
  path: Assets/resourses/Texture/Other Textures/Сщтвшышщтук.mat
  artifactKey: Guid(45e9df159bf3c28468ec2085b4e88ddc) Importer(815301076,1909f56bfc062723c751e8b465ee728b)
Start importing Assets/resourses/Texture/Other Textures/Сщтвшышщтук.mat using Guid(45e9df159bf3c28468ec2085b4e88ddc) Importer(815301076,1909f56bfc062723c751e8b465ee728b)  -> (artifact id: '4169f3d3d7efea596265a180dfa84399') in 0.018343 seconds
Number of updated asset objects reloaded before import = 0
Number of asset objects unloaded after import = 1
========================================================================
Received Import Request.
  Time since last request: 36.657393 seconds.
  path: Assets/resourses/Texture/Other Textures/condisioner.mat
  artifactKey: Guid(45e9df159bf3c28468ec2085b4e88ddc) Importer(815301076,1909f56bfc062723c751e8b465ee728b)
Start importing Assets/resourses/Texture/Other Textures/condisioner.mat using Guid(45e9df159bf3c28468ec2085b4e88ddc) Importer(815301076,1909f56bfc062723c751e8b465ee728b)  -> (artifact id: '6e858953ce88bba8df45911bd18fb0ed') in 0.012637 seconds
Number of updated asset objects reloaded before import = 0
Number of asset objects unloaded after import = 1
========================================================================
Received Import Request.
  Time since last request: 265.685600 seconds.
  path: Assets/resourses/Material/bric.mat
  artifactKey: Guid(ab0724a6fdd003d409fb980f32836adf) Importer(815301076,1909f56bfc062723c751e8b465ee728b)
Start importing Assets/resourses/Material/bric.mat using Guid(ab0724a6fdd003d409fb980f32836adf) Importer(815301076,1909f56bfc062723c751e8b465ee728b)  -> (artifact id: '78b0ff5af7059d6e375dea800536d959') in 0.028415 seconds
Number of updated asset objects reloaded before import = 0
Number of asset objects unloaded after import = 2
========================================================================
Received Import Request.
  Time since last request: 44.759928 seconds.
  path: Assets/resourses/Texture/Other Textures/ыефшкы.mat
  artifactKey: Guid(d3fd609187033e9469cda20afb9d7e15) Importer(815301076,1909f56bfc062723c751e8b465ee728b)
Start importing Assets/resourses/Texture/Other Textures/ыефшкы.mat using Guid(d3fd609187033e9469cda20afb9d7e15) Importer(815301076,1909f56bfc062723c751e8b465ee728b)  -> (artifact id: 'aea5e3afc4b36b9d3a7091bbc40cd6a9') in 0.012580 seconds
Number of updated asset objects reloaded before import = 0
Number of asset objects unloaded after import = 1
========================================================================
Received Import Request.
  Time since last request: 6.084172 seconds.
  path: Assets/resourses/Texture/Other Textures/stairs.mat
  artifactKey: Guid(d3fd609187033e9469cda20afb9d7e15) Importer(815301076,1909f56bfc062723c751e8b465ee728b)
Start importing Assets/resourses/Texture/Other Textures/stairs.mat using Guid(d3fd609187033e9469cda20afb9d7e15) Importer(815301076,1909f56bfc062723c751e8b465ee728b)  -> (artifact id: 'b68a97b0d8667f75ee3bcb83388b502f') in 0.011510 seconds
Number of updated asset objects reloaded before import = 0
Number of asset objects unloaded after import = 1
========================================================================
Received Import Request.
  Time since last request: 19.815279 seconds.
  path: Assets/resourses/Texture/Other Textures/stairs2.mat
  artifactKey: Guid(e12181eadb37f0c4d94732150bb5ee99) Importer(815301076,1909f56bfc062723c751e8b465ee728b)
Start importing Assets/resourses/Texture/Other Textures/stairs2.mat using Guid(e12181eadb37f0c4d94732150bb5ee99) Importer(815301076,1909f56bfc062723c751e8b465ee728b)  -> (artifact id: '8bebacc42906c48cf94833af9a0e7efe') in 0.011548 seconds
Number of updated asset objects reloaded before import = 0
Number of asset objects unloaded after import = 1
========================================================================
Received Import Request.
  Time since last request: 76.289454 seconds.
  path: Assets/resourses/Texture/Other Textures/caffe.mat
  artifactKey: Guid(e8d60c522e6305d4d9a616a422b80233) Importer(815301076,1909f56bfc062723c751e8b465ee728b)
Start importing Assets/resourses/Texture/Other Textures/caffe.mat using Guid(e8d60c522e6305d4d9a616a422b80233) Importer(815301076,1909f56bfc062723c751e8b465ee728b)  -> (artifact id: '6ebc408c6cffc15384dca69d6731a112') in 0.016454 seconds
Number of updated asset objects reloaded before import = 0
Number of asset objects unloaded after import = 1
========================================================================
Received Import Request.
  Time since last request: 180.649232 seconds.
  path: Assets/resourses/Texture/building2
  artifactKey: Guid(6d96ef4d2c1ff0c49be068ced9ae5850) Importer(815301076,1909f56bfc062723c751e8b465ee728b)
Start importing Assets/resourses/Texture/building2 using Guid(6d96ef4d2c1ff0c49be068ced9ae5850) Importer(815301076,1909f56bfc062723c751e8b465ee728b)  -> (artifact id: 'e9e01f90da49d19710d783802c8b652a') in 0.000679 seconds
Number of updated asset objects reloaded before import = 0
Number of asset objects unloaded after import = 0
========================================================================
Received Import Request.
  Time since last request: 6.741612 seconds.
  path: Assets/resourses/Texture/building2/_shop.fbx
  artifactKey: Guid(bb48a1f8e1dcb4e4b8d27fa06431d454) Importer(815301076,1909f56bfc062723c751e8b465ee728b)
Start importing Assets/resourses/Texture/building2/_shop.fbx using Guid(bb48a1f8e1dcb4e4b8d27fa06431d454) Importer(815301076,1909f56bfc062723c751e8b465ee728b)  -> (artifact id: 'caa461fd08b339105e942a2b0c3ff29b') in 0.044862 seconds
Number of updated asset objects reloaded before import = 0
Number of asset objects unloaded after import = 16
========================================================================
Received Import Request.
  Time since last request: 9.522211 seconds.
  path: Assets/resourses/Texture/building2/_shop.mtl
  artifactKey: Guid(73a16c719981b3447a3dfbec94580c01) Importer(815301076,1909f56bfc062723c751e8b465ee728b)
Start importing Assets/resourses/Texture/building2/_shop.mtl using Guid(73a16c719981b3447a3dfbec94580c01) Importer(815301076,1909f56bfc062723c751e8b465ee728b)  -> (artifact id: '0a1806b4c362003cb4dd2aaee4a9111e') in 0.000780 seconds
Number of updated asset objects reloaded before import = 0
Number of asset objects unloaded after import = 1
========================================================================
Received Import Request.
  Time since last request: 1.848752 seconds.
  path: Assets/resourses/Texture/building2/_shop.blend
  artifactKey: Guid(e70a31e6e55f3124dbd174d454815a62) Importer(815301076,1909f56bfc062723c751e8b465ee728b)
Start importing Assets/resourses/Texture/building2/_shop.blend using Guid(e70a31e6e55f3124dbd174d454815a62) Importer(815301076,1909f56bfc062723c751e8b465ee728b)  -> (artifact id: '1c1f3cd76bde2ad0c0793a2195758c25') in 0.001020 seconds
Number of updated asset objects reloaded before import = 0
Number of asset objects unloaded after import = 1
========================================================================
Received Import Request.
  Time since last request: 3672.393701 seconds.
  path: Assets/комната гг.fbx
  artifactKey: Guid(ba90af64b8d615748bdfd017e31e36d2) Importer(815301076,1909f56bfc062723c751e8b465ee728b)
Start importing Assets/комната гг.fbx using Guid(ba90af64b8d615748bdfd017e31e36d2) Importer(815301076,1909f56bfc062723c751e8b465ee728b)  -> (artifact id: '22663838188a58453106db47f7f11c3a') in 0.474589 seconds
Number of updated asset objects reloaded before import = 0
Number of asset objects unloaded after import = 331
========================================================================
Received Prepare
Begin MonoManager ReloadAssembly
- Loaded All Assemblies, in  0.536 seconds
Refreshing native plugins compatible for Editor in 1.92 ms, found 3 plugins.
Native extension for UWP target not found
Native extension for WindowsStandalone target not found
Native extension for WebGL target not found
[Package Manager] Server::EnsureServerProcessIsRunning -- launch failed, reason: Unity was launched with the -noUpm command-line argument
[Package Manager] UpmClient::Send -- Unable to send message (not connected to UPM process).
[Package Manager] Cannot connect to Unity Package Manager local server
Mono: successfully reloaded assembly
- Finished resetting the current domain, in  0.789 seconds
Domain Reload Profiling: 1323ms
	BeginReloadAssembly (259ms)
		ExecutionOrderSort (0ms)
		DisableScriptedObjects (6ms)
		BackupInstance (0ms)
		ReleaseScriptingObjects (0ms)
		CreateAndSetChildDomain (109ms)
	RebuildCommonClasses (26ms)
	RebuildNativeTypeToScriptingClass (8ms)
	initialDomainReloadingComplete (29ms)
	LoadAllAssembliesAndSetupDomain (211ms)
		LoadAssemblies (297ms)
		RebuildTransferFunctionScriptingTraits (0ms)
		AnalyzeDomain (15ms)
			TypeCache.Refresh (9ms)
				TypeCache.ScanAssembly (0ms)
			ScanForSourceGeneratedMonoScriptInfo (0ms)
			ResolveRequiredComponents (5ms)
	FinalizeReload (790ms)
		ReleaseScriptCaches (0ms)
		RebuildScriptCaches (0ms)
		SetupLoadedEditorAssemblies (358ms)
			LogAssemblyErrors (0ms)
			InitializePlatformSupportModulesInManaged (13ms)
			SetLoadedEditorAssemblies (4ms)
			RefreshPlugins (0ms)
			BeforeProcessingInitializeOnLoad (55ms)
			ProcessInitializeOnLoadAttributes (259ms)
			ProcessInitializeOnLoadMethodAttributes (19ms)
			AfterProcessingInitializeOnLoad (8ms)
			EditorAssembliesLoaded (0ms)
		ExecutionOrderSort2 (0ms)
		AwakeInstancesAfterBackupRestoration (7ms)
Refreshing native plugins compatible for Editor in 2.48 ms, found 3 plugins.
Preloading 0 native plugins for Editor in 0.00 ms.
Unloading 3091 Unused Serialized files (Serialized files now loaded: 0)
Unloading 22 unused Assets / (30.2 KB). Loaded Objects now: 3620.
Memory consumption went from 129.4 MB to 129.4 MB.
Total: 3.172400 ms (FindLiveObjects: 0.244800 ms CreateObjectMapping: 0.212000 ms MarkObjects: 2.650100 ms  DeleteObjects: 0.064700 ms)

Prepare: number of updated asset objects reloaded= 0
AssetImportParameters requested are different than current active one (requested -> active):
  custom:container-demuxer-ogg: 62fdf1f143b41e24485cea50d1cbac27 -> 
  custom:video-decoder-ogg-theora: a1e56fd34408186e4bbccfd4996cb3dc -> 
  custom:framework-win-MediaFoundation: 216162199b28c13a410421893ffa2e32 -> 
  custom:CustomObjectIndexerAttribute: 6d391050e5a25f67b0a2c618074f2cd9 -> 
  custom:container-demuxer-webm: 4f35f7cbe854078d1ac9338744f61a02 -> 
  custom:container-muxer-webm: aa71ff27fc2769a1b78a27578f13a17b -> 
  custom:video-decoder-webm-vp8: 9c59270c3fd7afecdb556c50c9e8de78 -> 
  custom:SearchIndexIgnoredProperties: e643bd26f0fe6173181afceb89e7c659 -> 
  custom:AudioImporter_EditorPlatform: d09bf68614088b80899f8185d706f6e7 -> 
  custom:video-encoder-webm-vp8: eb34c28f22e8b96e1ab97ce403110664 -> 
  custom:audio-decoder-ogg-vorbis: bf7c407c2cedff20999df2af8eb42d56 -> 
  custom:audio-encoder-webm-vorbis: bf7c407c2cedff20999df2af8eb42d56 -> 
========================================================================
Received Import Request.
  Time since last request: 7734.956071 seconds.
  path: Assets/room gg.fbx
  artifactKey: Guid(ff3d5685e53eb5342b7c6889b27f9003) Importer(815301076,1909f56bfc062723c751e8b465ee728b)
Start importing Assets/room gg.fbx using Guid(ff3d5685e53eb5342b7c6889b27f9003) Importer(815301076,1909f56bfc062723c751e8b465ee728b)  -> (artifact id: 'ae4f60fdea93938a23b648b22d56fffd') in 0.521651 seconds
Number of updated asset objects reloaded before import = 0
Number of asset objects unloaded after import = 339
========================================================================
Received Import Request.
  Time since last request: 87.909961 seconds.
  path: Assets/room gg.fbx
  artifactKey: Guid(ff3d5685e53eb5342b7c6889b27f9003) Importer(815301076,1909f56bfc062723c751e8b465ee728b)
Start importing Assets/room gg.fbx using Guid(ff3d5685e53eb5342b7c6889b27f9003) Importer(815301076,1909f56bfc062723c751e8b465ee728b)  -> (artifact id: 'a081015005fef5472d463ee7438de2ee') in 0.375146 seconds
Number of updated asset objects reloaded before import = 0
Number of asset objects unloaded after import = 334
========================================================================
Received Prepare
Begin MonoManager ReloadAssembly
- Loaded All Assemblies, in  0.353 seconds
Refreshing native plugins compatible for Editor in 1.74 ms, found 3 plugins.
Native extension for UWP target not found
Native extension for WindowsStandalone target not found
Native extension for WebGL target not found
[Package Manager] Server::EnsureServerProcessIsRunning -- launch failed, reason: Unity was launched with the -noUpm command-line argument
[Package Manager] UpmClient::Send -- Unable to send message (not connected to UPM process).
[Package Manager] Cannot connect to Unity Package Manager local server
Mono: successfully reloaded assembly
- Finished resetting the current domain, in  0.784 seconds
Domain Reload Profiling: 1135ms
	BeginReloadAssembly (121ms)
		ExecutionOrderSort (0ms)
		DisableScriptedObjects (3ms)
		BackupInstance (0ms)
		ReleaseScriptingObjects (0ms)
		CreateAndSetChildDomain (27ms)
	RebuildCommonClasses (24ms)
	RebuildNativeTypeToScriptingClass (8ms)
	initialDomainReloadingComplete (22ms)
	LoadAllAssembliesAndSetupDomain (175ms)
		LoadAssemblies (231ms)
		RebuildTransferFunctionScriptingTraits (0ms)
		AnalyzeDomain (9ms)
			TypeCache.Refresh (5ms)
				TypeCache.ScanAssembly (0ms)
			ScanForSourceGeneratedMonoScriptInfo (0ms)
			ResolveRequiredComponents (3ms)
	FinalizeReload (784ms)
		ReleaseScriptCaches (0ms)
		RebuildScriptCaches (0ms)
		SetupLoadedEditorAssemblies (378ms)
			LogAssemblyErrors (0ms)
			InitializePlatformSupportModulesInManaged (11ms)
			SetLoadedEditorAssemblies (3ms)
			RefreshPlugins (0ms)
			BeforeProcessingInitializeOnLoad (58ms)
			ProcessInitializeOnLoadAttributes (280ms)
			ProcessInitializeOnLoadMethodAttributes (19ms)
			AfterProcessingInitializeOnLoad (7ms)
			EditorAssembliesLoaded (0ms)
		ExecutionOrderSort2 (0ms)
		AwakeInstancesAfterBackupRestoration (7ms)
Refreshing native plugins compatible for Editor in 3.23 ms, found 3 plugins.
Preloading 0 native plugins for Editor in 0.00 ms.
Unloading 3091 Unused Serialized files (Serialized files now loaded: 0)
Unloading 22 unused Assets / (30.2 KB). Loaded Objects now: 3623.
Memory consumption went from 131.6 MB to 131.6 MB.
Total: 2.373000 ms (FindLiveObjects: 0.263300 ms CreateObjectMapping: 0.153900 ms MarkObjects: 1.918800 ms  DeleteObjects: 0.036300 ms)

Prepare: number of updated asset objects reloaded= 0
AssetImportParameters requested are different than current active one (requested -> active):
  custom:container-demuxer-ogg: 62fdf1f143b41e24485cea50d1cbac27 -> 
  custom:video-decoder-ogg-theora: a1e56fd34408186e4bbccfd4996cb3dc -> 
  custom:framework-win-MediaFoundation: 216162199b28c13a410421893ffa2e32 -> 
  custom:CustomObjectIndexerAttribute: 6d391050e5a25f67b0a2c618074f2cd9 -> 
  custom:container-demuxer-webm: 4f35f7cbe854078d1ac9338744f61a02 -> 
  custom:container-muxer-webm: aa71ff27fc2769a1b78a27578f13a17b -> 
  custom:video-decoder-webm-vp8: 9c59270c3fd7afecdb556c50c9e8de78 -> 
  custom:SearchIndexIgnoredProperties: e643bd26f0fe6173181afceb89e7c659 -> 
  custom:AudioImporter_EditorPlatform: d09bf68614088b80899f8185d706f6e7 -> 
  custom:video-encoder-webm-vp8: eb34c28f22e8b96e1ab97ce403110664 -> 
  custom:audio-decoder-ogg-vorbis: bf7c407c2cedff20999df2af8eb42d56 -> 
  custom:audio-encoder-webm-vorbis: bf7c407c2cedff20999df2af8eb42d56 -> 
========================================================================
Received Prepare
Begin MonoManager ReloadAssembly
- Loaded All Assemblies, in  0.346 seconds
Refreshing native plugins compatible for Editor in 1.69 ms, found 3 plugins.
Native extension for UWP target not found
Native extension for WindowsStandalone target not found
Native extension for WebGL target not found
[Package Manager] Server::EnsureServerProcessIsRunning -- launch failed, reason: Unity was launched with the -noUpm command-line argument
[Package Manager] UpmClient::Send -- Unable to send message (not connected to UPM process).
[Package Manager] Cannot connect to Unity Package Manager local server
Mono: successfully reloaded assembly
- Finished resetting the current domain, in  0.752 seconds
Domain Reload Profiling: 1096ms
	BeginReloadAssembly (116ms)
		ExecutionOrderSort (0ms)
		DisableScriptedObjects (3ms)
		BackupInstance (0ms)
		ReleaseScriptingObjects (0ms)
		CreateAndSetChildDomain (24ms)
	RebuildCommonClasses (29ms)
	RebuildNativeTypeToScriptingClass (8ms)
	initialDomainReloadingComplete (21ms)
	LoadAllAssembliesAndSetupDomain (170ms)
		LoadAssemblies (222ms)
		RebuildTransferFunctionScriptingTraits (0ms)
		AnalyzeDomain (11ms)
			TypeCache.Refresh (5ms)
				TypeCache.ScanAssembly (0ms)
			ScanForSourceGeneratedMonoScriptInfo (0ms)
			ResolveRequiredComponents (4ms)
	FinalizeReload (752ms)
		ReleaseScriptCaches (0ms)
		RebuildScriptCaches (0ms)
		SetupLoadedEditorAssemblies (380ms)
			LogAssemblyErrors (0ms)
			InitializePlatformSupportModulesInManaged (10ms)
			SetLoadedEditorAssemblies (3ms)
			RefreshPlugins (0ms)
			BeforeProcessingInitializeOnLoad (55ms)
			ProcessInitializeOnLoadAttributes (284ms)
			ProcessInitializeOnLoadMethodAttributes (20ms)
			AfterProcessingInitializeOnLoad (9ms)
			EditorAssembliesLoaded (0ms)
		ExecutionOrderSort2 (0ms)
		AwakeInstancesAfterBackupRestoration (8ms)
Refreshing native plugins compatible for Editor in 3.03 ms, found 3 plugins.
Preloading 0 native plugins for Editor in 0.00 ms.
Unloading 3091 Unused Serialized files (Serialized files now loaded: 0)
Unloading 22 unused Assets / (30.2 KB). Loaded Objects now: 3626.
Memory consumption went from 133.5 MB to 133.5 MB.
Total: 2.131300 ms (FindLiveObjects: 0.200900 ms CreateObjectMapping: 0.081000 ms MarkObjects: 1.812200 ms  DeleteObjects: 0.036200 ms)

Prepare: number of updated asset objects reloaded= 0
AssetImportParameters requested are different than current active one (requested -> active):
  custom:container-demuxer-ogg: 62fdf1f143b41e24485cea50d1cbac27 -> 
  custom:video-decoder-ogg-theora: a1e56fd34408186e4bbccfd4996cb3dc -> 
  custom:framework-win-MediaFoundation: 216162199b28c13a410421893ffa2e32 -> 
  custom:CustomObjectIndexerAttribute: 6d391050e5a25f67b0a2c618074f2cd9 -> 
  custom:container-demuxer-webm: 4f35f7cbe854078d1ac9338744f61a02 -> 
  custom:container-muxer-webm: aa71ff27fc2769a1b78a27578f13a17b -> 
  custom:video-decoder-webm-vp8: 9c59270c3fd7afecdb556c50c9e8de78 -> 
  custom:SearchIndexIgnoredProperties: e643bd26f0fe6173181afceb89e7c659 -> 
  custom:AudioImporter_EditorPlatform: d09bf68614088b80899f8185d706f6e7 -> 
  custom:video-encoder-webm-vp8: eb34c28f22e8b96e1ab97ce403110664 -> 
  custom:audio-decoder-ogg-vorbis: bf7c407c2cedff20999df2af8eb42d56 -> 
  custom:audio-encoder-webm-vorbis: bf7c407c2cedff20999df2af8eb42d56 -> 
========================================================================
Received Prepare
Begin MonoManager ReloadAssembly
- Loaded All Assemblies, in  0.326 seconds
Refreshing native plugins compatible for Editor in 1.69 ms, found 3 plugins.
Native extension for UWP target not found
Native extension for WindowsStandalone target not found
Native extension for WebGL target not found
[Package Manager] Server::EnsureServerProcessIsRunning -- launch failed, reason: Unity was launched with the -noUpm command-line argument
[Package Manager] UpmClient::Send -- Unable to send message (not connected to UPM process).
[Package Manager] Cannot connect to Unity Package Manager local server
Mono: successfully reloaded assembly
- Finished resetting the current domain, in  0.683 seconds
Domain Reload Profiling: 1007ms
	BeginReloadAssembly (119ms)
		ExecutionOrderSort (0ms)
		DisableScriptedObjects (3ms)
		BackupInstance (0ms)
		ReleaseScriptingObjects (0ms)
		CreateAndSetChildDomain (25ms)
	RebuildCommonClasses (29ms)
	RebuildNativeTypeToScriptingClass (8ms)
	initialDomainReloadingComplete (22ms)
	LoadAllAssembliesAndSetupDomain (145ms)
		LoadAssemblies (202ms)
		RebuildTransferFunctionScriptingTraits (0ms)
		AnalyzeDomain (9ms)
			TypeCache.Refresh (5ms)
				TypeCache.ScanAssembly (0ms)
			ScanForSourceGeneratedMonoScriptInfo (0ms)
			ResolveRequiredComponents (3ms)
	FinalizeReload (684ms)
		ReleaseScriptCaches (0ms)
		RebuildScriptCaches (0ms)
		SetupLoadedEditorAssemblies (362ms)
			LogAssemblyErrors (0ms)
			InitializePlatformSupportModulesInManaged (11ms)
			SetLoadedEditorAssemblies (3ms)
			RefreshPlugins (0ms)
			BeforeProcessingInitializeOnLoad (55ms)
			ProcessInitializeOnLoadAttributes (266ms)
			ProcessInitializeOnLoadMethodAttributes (18ms)
			AfterProcessingInitializeOnLoad (8ms)
			EditorAssembliesLoaded (0ms)
		ExecutionOrderSort2 (0ms)
		AwakeInstancesAfterBackupRestoration (7ms)
Refreshing native plugins compatible for Editor in 2.66 ms, found 3 plugins.
Preloading 0 native plugins for Editor in 0.00 ms.
Unloading 3091 Unused Serialized files (Serialized files now loaded: 0)
Unloading 22 unused Assets / (30.2 KB). Loaded Objects now: 3629.
Memory consumption went from 135.5 MB to 135.5 MB.
Total: 2.623000 ms (FindLiveObjects: 0.207500 ms CreateObjectMapping: 0.181700 ms MarkObjects: 2.193600 ms  DeleteObjects: 0.039300 ms)

Prepare: number of updated asset objects reloaded= 0
AssetImportParameters requested are different than current active one (requested -> active):
  custom:container-demuxer-ogg: 62fdf1f143b41e24485cea50d1cbac27 -> 
  custom:video-decoder-ogg-theora: a1e56fd34408186e4bbccfd4996cb3dc -> 
  custom:framework-win-MediaFoundation: 216162199b28c13a410421893ffa2e32 -> 
  custom:CustomObjectIndexerAttribute: 6d391050e5a25f67b0a2c618074f2cd9 -> 
  custom:container-demuxer-webm: 4f35f7cbe854078d1ac9338744f61a02 -> 
  custom:container-muxer-webm: aa71ff27fc2769a1b78a27578f13a17b -> 
  custom:video-decoder-webm-vp8: 9c59270c3fd7afecdb556c50c9e8de78 -> 
  custom:SearchIndexIgnoredProperties: e643bd26f0fe6173181afceb89e7c659 -> 
  custom:AudioImporter_EditorPlatform: d09bf68614088b80899f8185d706f6e7 -> 
  custom:video-encoder-webm-vp8: eb34c28f22e8b96e1ab97ce403110664 -> 
  custom:audio-decoder-ogg-vorbis: bf7c407c2cedff20999df2af8eb42d56 -> 
  custom:audio-encoder-webm-vorbis: bf7c407c2cedff20999df2af8eb42d56 -> 
========================================================================
Received Prepare
Begin MonoManager ReloadAssembly
- Loaded All Assemblies, in  0.323 seconds
Refreshing native plugins compatible for Editor in 1.84 ms, found 3 plugins.
Native extension for UWP target not found
Native extension for WindowsStandalone target not found
Native extension for WebGL target not found
[Package Manager] Server::EnsureServerProcessIsRunning -- launch failed, reason: Unity was launched with the -noUpm command-line argument
[Package Manager] UpmClient::Send -- Unable to send message (not connected to UPM process).
[Package Manager] Cannot connect to Unity Package Manager local server
Mono: successfully reloaded assembly
- Finished resetting the current domain, in  0.693 seconds
Domain Reload Profiling: 1014ms
	BeginReloadAssembly (120ms)
		ExecutionOrderSort (0ms)
		DisableScriptedObjects (3ms)
		BackupInstance (0ms)
		ReleaseScriptingObjects (0ms)
		CreateAndSetChildDomain (24ms)
	RebuildCommonClasses (27ms)
	RebuildNativeTypeToScriptingClass (8ms)
	initialDomainReloadingComplete (22ms)
	LoadAllAssembliesAndSetupDomain (144ms)
		LoadAssemblies (197ms)
		RebuildTransferFunctionScriptingTraits (0ms)
		AnalyzeDomain (9ms)
			TypeCache.Refresh (5ms)
				TypeCache.ScanAssembly (0ms)
			ScanForSourceGeneratedMonoScriptInfo (0ms)
			ResolveRequiredComponents (3ms)
	FinalizeReload (693ms)
		ReleaseScriptCaches (0ms)
		RebuildScriptCaches (0ms)
		SetupLoadedEditorAssemblies (386ms)
			LogAssemblyErrors (0ms)
			InitializePlatformSupportModulesInManaged (8ms)
			SetLoadedEditorAssemblies (2ms)
			RefreshPlugins (0ms)
			BeforeProcessingInitializeOnLoad (46ms)
			ProcessInitializeOnLoadAttributes (297ms)
			ProcessInitializeOnLoadMethodAttributes (23ms)
			AfterProcessingInitializeOnLoad (9ms)
			EditorAssembliesLoaded (0ms)
		ExecutionOrderSort2 (0ms)
		AwakeInstancesAfterBackupRestoration (7ms)
Refreshing native plugins compatible for Editor in 2.93 ms, found 3 plugins.
Preloading 0 native plugins for Editor in 0.00 ms.
Unloading 3091 Unused Serialized files (Serialized files now loaded: 0)
Unloading 22 unused Assets / (30.3 KB). Loaded Objects now: 3632.
Memory consumption went from 137.4 MB to 137.4 MB.
Total: 2.424000 ms (FindLiveObjects: 0.254300 ms CreateObjectMapping: 0.159600 ms MarkObjects: 1.976100 ms  DeleteObjects: 0.033300 ms)

Prepare: number of updated asset objects reloaded= 0
AssetImportParameters requested are different than current active one (requested -> active):
  custom:container-demuxer-ogg: 62fdf1f143b41e24485cea50d1cbac27 -> 
  custom:video-decoder-ogg-theora: a1e56fd34408186e4bbccfd4996cb3dc -> 
  custom:framework-win-MediaFoundation: 216162199b28c13a410421893ffa2e32 -> 
  custom:CustomObjectIndexerAttribute: 6d391050e5a25f67b0a2c618074f2cd9 -> 
  custom:container-demuxer-webm: 4f35f7cbe854078d1ac9338744f61a02 -> 
  custom:container-muxer-webm: aa71ff27fc2769a1b78a27578f13a17b -> 
  custom:video-decoder-webm-vp8: 9c59270c3fd7afecdb556c50c9e8de78 -> 
  custom:SearchIndexIgnoredProperties: e643bd26f0fe6173181afceb89e7c659 -> 
  custom:AudioImporter_EditorPlatform: d09bf68614088b80899f8185d706f6e7 -> 
  custom:video-encoder-webm-vp8: eb34c28f22e8b96e1ab97ce403110664 -> 
  custom:audio-decoder-ogg-vorbis: bf7c407c2cedff20999df2af8eb42d56 -> 
  custom:audio-encoder-webm-vorbis: bf7c407c2cedff20999df2af8eb42d56 -> 
========================================================================
Received Prepare
Begin MonoManager ReloadAssembly
- Loaded All Assemblies, in  0.317 seconds
Refreshing native plugins compatible for Editor in 1.69 ms, found 3 plugins.
Native extension for UWP target not found
Native extension for WindowsStandalone target not found
Native extension for WebGL target not found
[Package Manager] Server::EnsureServerProcessIsRunning -- launch failed, reason: Unity was launched with the -noUpm command-line argument
[Package Manager] UpmClient::Send -- Unable to send message (not connected to UPM process).
[Package Manager] Cannot connect to Unity Package Manager local server
Mono: successfully reloaded assembly
- Finished resetting the current domain, in  0.640 seconds
Domain Reload Profiling: 955ms
	BeginReloadAssembly (115ms)
		ExecutionOrderSort (0ms)
		DisableScriptedObjects (3ms)
		BackupInstance (0ms)
		ReleaseScriptingObjects (0ms)
		CreateAndSetChildDomain (23ms)
	RebuildCommonClasses (25ms)
	RebuildNativeTypeToScriptingClass (8ms)
	initialDomainReloadingComplete (21ms)
	LoadAllAssembliesAndSetupDomain (144ms)
		LoadAssemblies (197ms)
		RebuildTransferFunctionScriptingTraits (0ms)
		AnalyzeDomain (9ms)
			TypeCache.Refresh (5ms)
				TypeCache.ScanAssembly (0ms)
			ScanForSourceGeneratedMonoScriptInfo (0ms)
			ResolveRequiredComponents (3ms)
	FinalizeReload (640ms)
		ReleaseScriptCaches (0ms)
		RebuildScriptCaches (0ms)
		SetupLoadedEditorAssemblies (330ms)
			LogAssemblyErrors (0ms)
			InitializePlatformSupportModulesInManaged (8ms)
			SetLoadedEditorAssemblies (2ms)
			RefreshPlugins (0ms)
			BeforeProcessingInitializeOnLoad (47ms)
			ProcessInitializeOnLoadAttributes (244ms)
			ProcessInitializeOnLoadMethodAttributes (19ms)
			AfterProcessingInitializeOnLoad (9ms)
			EditorAssembliesLoaded (0ms)
		ExecutionOrderSort2 (0ms)
		AwakeInstancesAfterBackupRestoration (8ms)
Refreshing native plugins compatible for Editor in 1.76 ms, found 3 plugins.
Preloading 0 native plugins for Editor in 0.00 ms.
Unloading 3091 Unused Serialized files (Serialized files now loaded: 0)
Unloading 22 unused Assets / (30.2 KB). Loaded Objects now: 3635.
Memory consumption went from 139.3 MB to 139.3 MB.
Total: 2.738500 ms (FindLiveObjects: 0.203900 ms CreateObjectMapping: 0.116800 ms MarkObjects: 2.377700 ms  DeleteObjects: 0.039400 ms)

Prepare: number of updated asset objects reloaded= 0
AssetImportParameters requested are different than current active one (requested -> active):
  custom:container-demuxer-ogg: 62fdf1f143b41e24485cea50d1cbac27 -> 
  custom:video-decoder-ogg-theora: a1e56fd34408186e4bbccfd4996cb3dc -> 
  custom:framework-win-MediaFoundation: 216162199b28c13a410421893ffa2e32 -> 
  custom:CustomObjectIndexerAttribute: 6d391050e5a25f67b0a2c618074f2cd9 -> 
  custom:container-demuxer-webm: 4f35f7cbe854078d1ac9338744f61a02 -> 
  custom:container-muxer-webm: aa71ff27fc2769a1b78a27578f13a17b -> 
  custom:video-decoder-webm-vp8: 9c59270c3fd7afecdb556c50c9e8de78 -> 
  custom:SearchIndexIgnoredProperties: e643bd26f0fe6173181afceb89e7c659 -> 
  custom:AudioImporter_EditorPlatform: d09bf68614088b80899f8185d706f6e7 -> 
  custom:video-encoder-webm-vp8: eb34c28f22e8b96e1ab97ce403110664 -> 
  custom:audio-decoder-ogg-vorbis: bf7c407c2cedff20999df2af8eb42d56 -> 
  custom:audio-encoder-webm-vorbis: bf7c407c2cedff20999df2af8eb42d56 -> 
========================================================================
Received Prepare
Begin MonoManager ReloadAssembly
- Loaded All Assemblies, in  0.310 seconds
Refreshing native plugins compatible for Editor in 1.70 ms, found 3 plugins.
Native extension for UWP target not found
Native extension for WindowsStandalone target not found
Native extension for WebGL target not found
[Package Manager] Server::EnsureServerProcessIsRunning -- launch failed, reason: Unity was launched with the -noUpm command-line argument
[Package Manager] UpmClient::Send -- Unable to send message (not connected to UPM process).
[Package Manager] Cannot connect to Unity Package Manager local server
Mono: successfully reloaded assembly
- Finished resetting the current domain, in  0.657 seconds
Domain Reload Profiling: 965ms
	BeginReloadAssembly (115ms)
		ExecutionOrderSort (0ms)
		DisableScriptedObjects (3ms)
		BackupInstance (0ms)
		ReleaseScriptingObjects (0ms)
		CreateAndSetChildDomain (24ms)
	RebuildCommonClasses (25ms)
	RebuildNativeTypeToScriptingClass (8ms)
	initialDomainReloadingComplete (22ms)
	LoadAllAssembliesAndSetupDomain (138ms)
		LoadAssemblies (190ms)
		RebuildTransferFunctionScriptingTraits (0ms)
		AnalyzeDomain (9ms)
			TypeCache.Refresh (5ms)
				TypeCache.ScanAssembly (0ms)
			ScanForSourceGeneratedMonoScriptInfo (0ms)
			ResolveRequiredComponents (3ms)
	FinalizeReload (658ms)
		ReleaseScriptCaches (0ms)
		RebuildScriptCaches (0ms)
		SetupLoadedEditorAssemblies (350ms)
			LogAssemblyErrors (0ms)
			InitializePlatformSupportModulesInManaged (9ms)
			SetLoadedEditorAssemblies (3ms)
			RefreshPlugins (0ms)
			BeforeProcessingInitializeOnLoad (55ms)
			ProcessInitializeOnLoadAttributes (259ms)
			ProcessInitializeOnLoadMethodAttributes (17ms)
			AfterProcessingInitializeOnLoad (7ms)
			EditorAssembliesLoaded (0ms)
		ExecutionOrderSort2 (0ms)
		AwakeInstancesAfterBackupRestoration (7ms)
Refreshing native plugins compatible for Editor in 2.49 ms, found 3 plugins.
Preloading 0 native plugins for Editor in 0.00 ms.
Unloading 3091 Unused Serialized files (Serialized files now loaded: 0)
Unloading 22 unused Assets / (30.2 KB). Loaded Objects now: 3638.
Memory consumption went from 141.3 MB to 141.2 MB.
Total: 2.725100 ms (FindLiveObjects: 0.177600 ms CreateObjectMapping: 0.087900 ms MarkObjects: 2.410500 ms  DeleteObjects: 0.047700 ms)

Prepare: number of updated asset objects reloaded= 0
AssetImportParameters requested are different than current active one (requested -> active):
  custom:container-demuxer-ogg: 62fdf1f143b41e24485cea50d1cbac27 -> 
  custom:video-decoder-ogg-theora: a1e56fd34408186e4bbccfd4996cb3dc -> 
  custom:framework-win-MediaFoundation: 216162199b28c13a410421893ffa2e32 -> 
  custom:CustomObjectIndexerAttribute: 6d391050e5a25f67b0a2c618074f2cd9 -> 
  custom:container-demuxer-webm: 4f35f7cbe854078d1ac9338744f61a02 -> 
  custom:container-muxer-webm: aa71ff27fc2769a1b78a27578f13a17b -> 
  custom:video-decoder-webm-vp8: 9c59270c3fd7afecdb556c50c9e8de78 -> 
  custom:SearchIndexIgnoredProperties: e643bd26f0fe6173181afceb89e7c659 -> 
  custom:AudioImporter_EditorPlatform: d09bf68614088b80899f8185d706f6e7 -> 
  custom:video-encoder-webm-vp8: eb34c28f22e8b96e1ab97ce403110664 -> 
  custom:audio-decoder-ogg-vorbis: bf7c407c2cedff20999df2af8eb42d56 -> 
  custom:audio-encoder-webm-vorbis: bf7c407c2cedff20999df2af8eb42d56 -> 
========================================================================
Received Import Request.
  Time since last request: 3425.840984 seconds.
  path: Assets/Attack Helicopter.max
  artifactKey: Guid(da8299238a793d94c82af9113af74eda) Importer(815301076,1909f56bfc062723c751e8b465ee728b)
Start importing Assets/Attack Helicopter.max using Guid(da8299238a793d94c82af9113af74eda) Importer(815301076,1909f56bfc062723c751e8b465ee728b)  -> (artifact id: 'a7c47f1c6beb66a96c3495e62d14179a') in 0.049941 seconds
Number of updated asset objects reloaded before import = 0
Number of asset objects unloaded after import = 1
========================================================================
Received Import Request.
  Time since last request: 318.664647 seconds.
  path: Assets/10621_CoastGuardHelicopter.obj
  artifactKey: Guid(1bb15834cc2f21d47b441b69a8afabce) Importer(815301076,1909f56bfc062723c751e8b465ee728b)
Start importing Assets/10621_CoastGuardHelicopter.obj using Guid(1bb15834cc2f21d47b441b69a8afabce) Importer(815301076,1909f56bfc062723c751e8b465ee728b)  -> (artifact id: '694d2f5d9f823afa72f587653d5c001f') in 0.179382 seconds
Number of updated asset objects reloaded before import = 0
Number of asset objects unloaded after import = 16
========================================================================
Received Import Request.
  Time since last request: 2271.852988 seconds.
  path: Assets/helicopter.fbx
  artifactKey: Guid(fea31392cbdfb5045b916a694e3d0399) Importer(815301076,1909f56bfc062723c751e8b465ee728b)
Start importing Assets/helicopter.fbx using Guid(fea31392cbdfb5045b916a694e3d0399) Importer(815301076,1909f56bfc062723c751e8b465ee728b)  -> (artifact id: '6181097d0639f014e17461886a0fdafe') in 0.086419 seconds
Number of updated asset objects reloaded before import = 0
Number of asset objects unloaded after import = 24
========================================================================
Received Import Request.
  Time since last request: 71.018429 seconds.
  path: Assets/Mini First Person Controller/First Person Controller.prefab
  artifactKey: Guid(11aaea5348574644a9eb4f4504fcce3f) Importer(815301076,1909f56bfc062723c751e8b465ee728b)
Start importing Assets/Mini First Person Controller/First Person Controller.prefab using Guid(11aaea5348574644a9eb4f4504fcce3f) Importer(815301076,1909f56bfc062723c751e8b465ee728b)  -> (artifact id: 'f03e77e828b103608488b7af67514810') in 0.292037 seconds
Number of updated asset objects reloaded before import = 0
Number of asset objects unloaded after import = 62
========================================================================
Received Import Request.
  Time since last request: 620.163469 seconds.
  path: Assets/helicopter.fbx
  artifactKey: Guid(fea31392cbdfb5045b916a694e3d0399) Importer(815301076,1909f56bfc062723c751e8b465ee728b)
Start importing Assets/helicopter.fbx using Guid(fea31392cbdfb5045b916a694e3d0399) Importer(815301076,1909f56bfc062723c751e8b465ee728b)  -> (artifact id: '6f4674aa9a55deac5f748b06f4253101') in 0.111085 seconds
Number of updated asset objects reloaded before import = 0
Number of asset objects unloaded after import = 356
========================================================================
Received Import Request.
  Time since last request: 1860.360719 seconds.
  path: Assets/resourses/Texture/Other Textures/bric.mat
  artifactKey: Guid(98a2925af153e0640bcb89c1f50fc4eb) Importer(815301076,1909f56bfc062723c751e8b465ee728b)
Start importing Assets/resourses/Texture/Other Textures/bric.mat using Guid(98a2925af153e0640bcb89c1f50fc4eb) Importer(815301076,1909f56bfc062723c751e8b465ee728b)  -> (artifact id: '2a1bcf65738e2676c5a75d62d7df8a38') in 0.351492 seconds
Number of updated asset objects reloaded before import = 0
Number of asset objects unloaded after import = 3
Editor requested this worker to shutdown with reason: Scaling down because of idle timeout
TcpMessagingSession - receive error: operation aborted. errorcode: 995, details:  /   -       .
AssetImportWorker is now disconnected from the server
Process exiting
Exiting without the bug reporter. Application will terminate with return code 0