Using pre-set license
Built from '2022.3/staging' branch; Version is '2022.3.17f1 (4fc78088f837) revision 5228416'; Using compiler version '192829333'; Build Type 'Release'
OS: 'Windows 10  (10.0.19045) 64bit Professional' Language: 'ru' Physical Memory: 16197 MB
BatchMode: 1, IsHumanControllingUs: 0, StartBugReporterOnCrash: 0, Is64bit: 1, IsPro: 1

COMMAND LINE ARGUMENTS:
C:\Program Files\Unity\Hub\Editor\2022.3.17f1\Editor\Unity.exe
-adb2
-batchMode
-noUpm
-name
AssetImportWorker0
-projectPath
E:/project/Khakaton111
-logFile
Logs/AssetImportWorker0.log
-srvPort
65000
Successfully changed project path to: E:/project/Khakaton111
E:/project/Khakaton111
[UnityMemory] Configuration Parameters - Can be set up in boot.config
    "memorysetup-bucket-allocator-granularity=16"
    "memorysetup-bucket-allocator-bucket-count=8"
    "memorysetup-bucket-allocator-block-size=33554432"
    "memorysetup-bucket-allocator-block-count=8"
    "memorysetup-main-allocator-block-size=16777216"
    "memorysetup-thread-allocator-block-size=16777216"
    "memorysetup-gfx-main-allocator-block-size=16777216"
    "memorysetup-gfx-thread-allocator-block-size=16777216"
    "memorysetup-cache-allocator-block-size=4194304"
    "memorysetup-typetree-allocator-block-size=2097152"
    "memorysetup-profiler-bucket-allocator-granularity=16"
    "memorysetup-profiler-bucket-allocator-bucket-count=8"
    "memorysetup-profiler-bucket-allocator-block-size=33554432"
    "memorysetup-profiler-bucket-allocator-block-count=8"
    "memorysetup-profiler-allocator-block-size=16777216"
    "memorysetup-profiler-editor-allocator-block-size=1048576"
    "memorysetup-temp-allocator-size-main=16777216"
    "memorysetup-job-temp-allocator-block-size=2097152"
    "memorysetup-job-temp-allocator-block-size-background=1048576"
    "memorysetup-job-temp-allocator-reduction-small-platforms=262144"
    "memorysetup-allocator-temp-initial-block-size-main=262144"
    "memorysetup-allocator-temp-initial-block-size-worker=262144"
    "memorysetup-temp-allocator-size-background-worker=32768"
    "memorysetup-temp-allocator-size-job-worker=262144"
    "memorysetup-temp-allocator-size-preload-manager=33554432"
    "memorysetup-temp-allocator-size-nav-mesh-worker=65536"
    "memorysetup-temp-allocator-size-audio-worker=65536"
    "memorysetup-temp-allocator-size-cloud-worker=32768"
    "memorysetup-temp-allocator-size-gi-baking-worker=262144"
    "memorysetup-temp-allocator-size-gfx=262144"
Player connection [22904] Host "[IP] 192.168.0.103 [Port] 0 [Flags] 2 [Guid] 3557430289 [EditorId] 3557430289 [Version] 1048832 [Id] WindowsEditor(7,DESKTOP-3E7I11T) [Debug] 1 [PackageName] WindowsEditor [ProjectName] Editor" joined multi-casting on [225.0.0.222:54997]...

Player connection [22904] Host "[IP] 192.168.0.103 [Port] 0 [Flags] 2 [Guid] 3557430289 [EditorId] 3557430289 [Version] 1048832 [Id] WindowsEditor(7,DESKTOP-3E7I11T) [Debug] 1 [PackageName] WindowsEditor [ProjectName] Editor" joined alternative multi-casting on [225.0.0.222:34997]...

[Physics::Module] Initialized MultithreadedJobDispatcher with 11 workers.
Refreshing native plugins compatible for Editor in 5.88 ms, found 3 plugins.
Preloading 0 native plugins for Editor in 0.00 ms.
Initialize engine version: 2022.3.17f1 (4fc78088f837)
[Subsystems] Discovering subsystems at path C:/Program Files/Unity/Hub/Editor/2022.3.17f1/Editor/Data/Resources/UnitySubsystems
[Subsystems] Discovering subsystems at path E:/project/Khakaton111/Assets
GfxDevice: creating device client; threaded=0; jobified=0
Direct3D:
    Version:  Direct3D 11.0 [level 11.1]
    Renderer: NVIDIA GeForce RTX 3060 (ID=0x2504)
    Vendor:   NVIDIA
    VRAM:     12115 MB
    Driver:   31.0.15.5244
Initialize mono
Mono path[0] = 'C:/Program Files/Unity/Hub/Editor/2022.3.17f1/Editor/Data/Managed'
Mono path[1] = 'C:/Program Files/Unity/Hub/Editor/2022.3.17f1/Editor/Data/MonoBleedingEdge/lib/mono/unityjit-win32'
Mono config path = 'C:/Program Files/Unity/Hub/Editor/2022.3.17f1/Editor/Data/MonoBleedingEdge/etc'
Using monoOptions --debugger-agent=transport=dt_socket,embedding=1,server=y,suspend=n,address=127.0.0.1:56308
Begin MonoManager ReloadAssembly
Registering precompiled unity dll's ...
Register platform support module: C:/Program Files/Unity/Hub/Editor/2022.3.17f1/Editor/Data/PlaybackEngines/WebGLSupport/UnityEditor.WebGL.Extensions.dll
Register platform support module: C:/Program Files/Unity/Hub/Editor/2022.3.17f1/Editor/Data/PlaybackEngines/WindowsStandaloneSupport/UnityEditor.WindowsStandalone.Extensions.dll
Register platform support module: C:/Program Files/Unity/Hub/Editor/2022.3.17f1/Editor/Data/PlaybackEngines/MetroSupport/UnityEditor.UWP.Extensions.dll
Registered in 0.010032 seconds.
- Loaded All Assemblies, in  0.305 seconds
Native extension for UWP target not found
Native extension for WindowsStandalone target not found
Native extension for WebGL target not found
Mono: successfully reloaded assembly
- Finished resetting the current domain, in  0.210 seconds
Domain Reload Profiling: 513ms
	BeginReloadAssembly (99ms)
		ExecutionOrderSort (0ms)
		DisableScriptedObjects (0ms)
		BackupInstance (0ms)
		ReleaseScriptingObjects (0ms)
		CreateAndSetChildDomain (1ms)
	RebuildCommonClasses (31ms)
	RebuildNativeTypeToScriptingClass (8ms)
	initialDomainReloadingComplete (53ms)
	LoadAllAssembliesAndSetupDomain (111ms)
		LoadAssemblies (97ms)
		RebuildTransferFunctionScriptingTraits (0ms)
		AnalyzeDomain (110ms)
			TypeCache.Refresh (108ms)
				TypeCache.ScanAssembly (97ms)
			ScanForSourceGeneratedMonoScriptInfo (0ms)
			ResolveRequiredComponents (0ms)
	FinalizeReload (210ms)
		ReleaseScriptCaches (0ms)
		RebuildScriptCaches (0ms)
		SetupLoadedEditorAssemblies (168ms)
			LogAssemblyErrors (0ms)
			InitializePlatformSupportModulesInManaged (10ms)
			SetLoadedEditorAssemblies (4ms)
			RefreshPlugins (0ms)
			BeforeProcessingInitializeOnLoad (2ms)
			ProcessInitializeOnLoadAttributes (119ms)
			ProcessInitializeOnLoadMethodAttributes (34ms)
			AfterProcessingInitializeOnLoad (0ms)
			EditorAssembliesLoaded (0ms)
		ExecutionOrderSort2 (0ms)
		AwakeInstancesAfterBackupRestoration (0ms)
========================================================================
Worker process is ready to serve import requests
Begin MonoManager ReloadAssembly
- Loaded All Assemblies, in  0.510 seconds
Refreshing native plugins compatible for Editor in 1.80 ms, found 3 plugins.
Native extension for UWP target not found
Native extension for WindowsStandalone target not found
Native extension for WebGL target not found
Package Manager log level set to [2]
[Package Manager] Server::EnsureServerProcessIsRunning -- launch failed, reason: Unity was launched with the -noUpm command-line argument
[Package Manager] UpmClient::Send -- Unable to send message (not connected to UPM process).
[Package Manager] Cannot connect to Unity Package Manager local server
Mono: successfully reloaded assembly
- Finished resetting the current domain, in  0.430 seconds
Domain Reload Profiling: 937ms
	BeginReloadAssembly (115ms)
		ExecutionOrderSort (0ms)
		DisableScriptedObjects (4ms)
		BackupInstance (0ms)
		ReleaseScriptingObjects (0ms)
		CreateAndSetChildDomain (17ms)
	RebuildCommonClasses (34ms)
	RebuildNativeTypeToScriptingClass (8ms)
	initialDomainReloadingComplete (35ms)
	LoadAllAssembliesAndSetupDomain (315ms)
		LoadAssemblies (241ms)
		RebuildTransferFunctionScriptingTraits (0ms)
		AnalyzeDomain (142ms)
			TypeCache.Refresh (127ms)
				TypeCache.ScanAssembly (112ms)
			ScanForSourceGeneratedMonoScriptInfo (11ms)
			ResolveRequiredComponents (3ms)
	FinalizeReload (430ms)
		ReleaseScriptCaches (0ms)
		RebuildScriptCaches (0ms)
		SetupLoadedEditorAssemblies (310ms)
			LogAssemblyErrors (0ms)
			InitializePlatformSupportModulesInManaged (7ms)
			SetLoadedEditorAssemblies (2ms)
			RefreshPlugins (0ms)
			BeforeProcessingInitializeOnLoad (42ms)
			ProcessInitializeOnLoadAttributes (236ms)
			ProcessInitializeOnLoadMethodAttributes (17ms)
			AfterProcessingInitializeOnLoad (7ms)
			EditorAssembliesLoaded (0ms)
		ExecutionOrderSort2 (0ms)
		AwakeInstancesAfterBackupRestoration (5ms)
Launched and connected shader compiler UnityShaderCompiler.exe after 0.04 seconds
Refreshing native plugins compatible for Editor in 2.32 ms, found 3 plugins.
Preloading 0 native plugins for Editor in 0.00 ms.
Unloading 3099 Unused Serialized files (Serialized files now loaded: 0)
Unloading 32 unused Assets / (56.8 KB). Loaded Objects now: 3569.
Memory consumption went from 123.9 MB to 123.8 MB.
Total: 3.281300 ms (FindLiveObjects: 0.233600 ms CreateObjectMapping: 0.121300 ms MarkObjects: 2.816800 ms  DeleteObjects: 0.108400 ms)

AssetImportParameters requested are different than current active one (requested -> active):
  custom:container-demuxer-ogg: 62fdf1f143b41e24485cea50d1cbac27 -> 
  custom:video-decoder-ogg-theora: a1e56fd34408186e4bbccfd4996cb3dc -> 
  custom:framework-win-MediaFoundation: 216162199b28c13a410421893ffa2e32 -> 
  custom:CustomObjectIndexerAttribute: 6d391050e5a25f67b0a2c618074f2cd9 -> 
  custom:container-demuxer-webm: 4f35f7cbe854078d1ac9338744f61a02 -> 
  custom:container-muxer-webm: aa71ff27fc2769a1b78a27578f13a17b -> 
  custom:video-decoder-webm-vp8: 9c59270c3fd7afecdb556c50c9e8de78 -> 
  custom:SearchIndexIgnoredProperties: e643bd26f0fe6173181afceb89e7c659 -> 
  custom:AudioImporter_EditorPlatform: d09bf68614088b80899f8185d706f6e7 -> 
  custom:video-encoder-webm-vp8: eb34c28f22e8b96e1ab97ce403110664 -> 
  custom:audio-decoder-ogg-vorbis: bf7c407c2cedff20999df2af8eb42d56 -> 
  custom:audio-encoder-webm-vorbis: bf7c407c2cedff20999df2af8eb42d56 -> 
========================================================================
Received Import Request.
  Time since last request: 155498.803911 seconds.
  path: Assets/Scenes/NY_House_Textured.fbx
  artifactKey: Guid(d83ac9d45da193b4baf38d88ad0c601d) Importer(815301076,1909f56bfc062723c751e8b465ee728b)
Start importing Assets/Scenes/NY_House_Textured.fbx using Guid(d83ac9d45da193b4baf38d88ad0c601d) Importer(815301076,1909f56bfc062723c751e8b465ee728b)  -> (artifact id: 'a07bcfb6abb3f3e94e8a12040c88931c') in 0.154270 seconds
Number of updated asset objects reloaded before import = 0
Number of asset objects unloaded after import = 29
========================================================================
Received Import Request.
  Time since last request: 162.862079 seconds.
  path: Assets/Scenes/Other Textures
  artifactKey: Guid(f5f40ab0fc69551438a71697b5af2904) Importer(815301076,1909f56bfc062723c751e8b465ee728b)
Start importing Assets/Scenes/Other Textures using Guid(f5f40ab0fc69551438a71697b5af2904) Importer(815301076,1909f56bfc062723c751e8b465ee728b)  -> (artifact id: '0ff46083b2abb2be0a552719a039cce5') in 0.000602 seconds
Number of updated asset objects reloaded before import = 0
Number of asset objects unloaded after import = 0
========================================================================
Received Import Request.
  Time since last request: 18.734407 seconds.
  path: Assets/Scenes/Other Textures/Concrete_NRM.jpg
  artifactKey: Guid(2353379c3b0968d4d8793f3977e38876) Importer(815301076,1909f56bfc062723c751e8b465ee728b)
Start importing Assets/Scenes/Other Textures/Concrete_NRM.jpg using Guid(2353379c3b0968d4d8793f3977e38876) Importer(815301076,1909f56bfc062723c751e8b465ee728b)  -> (artifact id: 'd7ca5d892cff9768c290a1c6fe5122fe') in 0.032520 seconds
Number of updated asset objects reloaded before import = 0
Number of asset objects unloaded after import = 2
========================================================================
Received Import Request.
  Time since last request: 0.000020 seconds.
  path: Assets/Scenes/Other Textures/Texture_Roof.png
  artifactKey: Guid(dd9f11203a978924b809455632140133) Importer(815301076,1909f56bfc062723c751e8b465ee728b)
Start importing Assets/Scenes/Other Textures/Texture_Roof.png using Guid(dd9f11203a978924b809455632140133) Importer(815301076,1909f56bfc062723c751e8b465ee728b)  -> (artifact id: 'a8c1b73f24da18ca2fb0346d4c9a2108') in 0.017853 seconds
Number of updated asset objects reloaded before import = 0
Number of asset objects unloaded after import = 2
========================================================================
Received Import Request.
  Time since last request: 0.000020 seconds.
  path: Assets/Scenes/Other Textures/Texture_Chair.png
  artifactKey: Guid(37af89d1b6ca8b44780f7cf6d1310e40) Importer(815301076,1909f56bfc062723c751e8b465ee728b)
Start importing Assets/Scenes/Other Textures/Texture_Chair.png using Guid(37af89d1b6ca8b44780f7cf6d1310e40) Importer(815301076,1909f56bfc062723c751e8b465ee728b)  -> (artifact id: '0e2680a688ec8bf58590b3bd46fc2e20') in 0.017176 seconds
Number of updated asset objects reloaded before import = 0
Number of asset objects unloaded after import = 2
========================================================================
Received Import Request.
  Time since last request: 0.000018 seconds.
  path: Assets/Scenes/Other Textures/Texture_Air_conditioning.png
  artifactKey: Guid(70a307768d4f63149a160cc491a95e9a) Importer(815301076,1909f56bfc062723c751e8b465ee728b)
Start importing Assets/Scenes/Other Textures/Texture_Air_conditioning.png using Guid(70a307768d4f63149a160cc491a95e9a) Importer(815301076,1909f56bfc062723c751e8b465ee728b)  -> (artifact id: '4ec1907e7c6afa8860a04e9934da58ea') in 0.016597 seconds
Number of updated asset objects reloaded before import = 0
Number of asset objects unloaded after import = 2
========================================================================
Received Import Request.
  Time since last request: 0.000033 seconds.
  path: Assets/Scenes/Other Textures/Texture_Table.001.png
  artifactKey: Guid(7baff738cd92f824cbbe60bcc21199a8) Importer(815301076,1909f56bfc062723c751e8b465ee728b)
Start importing Assets/Scenes/Other Textures/Texture_Table.001.png using Guid(7baff738cd92f824cbbe60bcc21199a8) Importer(815301076,1909f56bfc062723c751e8b465ee728b)  -> (artifact id: '62dd31ffe0b163e147f07d89f8884279') in 0.015438 seconds
Number of updated asset objects reloaded before import = 0
Number of asset objects unloaded after import = 2
========================================================================
Received Import Request.
  Time since last request: 0.000025 seconds.
  path: Assets/Scenes/Other Textures/Test_NRM.jpg
  artifactKey: Guid(cd51be8e80f07f44d8b5c60da8802521) Importer(815301076,1909f56bfc062723c751e8b465ee728b)
Start importing Assets/Scenes/Other Textures/Test_NRM.jpg using Guid(cd51be8e80f07f44d8b5c60da8802521) Importer(815301076,1909f56bfc062723c751e8b465ee728b)  -> (artifact id: '121d6f89ac2a765222ea9bc6d89539d3') in 0.018062 seconds
Number of updated asset objects reloaded before import = 0
Number of asset objects unloaded after import = 2
========================================================================
Received Import Request.
  Time since last request: 0.000023 seconds.
  path: Assets/Scenes/Other Textures/РњРµС‚Р°Р»Р».jpg
  artifactKey: Guid(4232e84c114bfe74680f9c1b76df56af) Importer(815301076,1909f56bfc062723c751e8b465ee728b)
Start importing Assets/Scenes/Other Textures/РњРµС‚Р°Р»Р».jpg using Guid(4232e84c114bfe74680f9c1b76df56af) Importer(815301076,1909f56bfc062723c751e8b465ee728b)  -> (artifact id: '0d6fd87b8cb9e7a2856f22c19ca85dc7') in 0.016396 seconds
Number of updated asset objects reloaded before import = 0
Number of asset objects unloaded after import = 2
========================================================================
Received Import Request.
  Time since last request: 0.000020 seconds.
  path: Assets/Scenes/Other Textures/Texture_Awning1.png
  artifactKey: Guid(ab30a8e0703903c4eb451038adc4120e) Importer(815301076,1909f56bfc062723c751e8b465ee728b)
Start importing Assets/Scenes/Other Textures/Texture_Awning1.png using Guid(ab30a8e0703903c4eb451038adc4120e) Importer(815301076,1909f56bfc062723c751e8b465ee728b)  -> (artifact id: 'b41d0d865368464a9b139291f4ea56ed') in 0.018597 seconds
Number of updated asset objects reloaded before import = 0
Number of asset objects unloaded after import = 2
========================================================================
Received Import Request.
  Time since last request: 0.000016 seconds.
  path: Assets/Scenes/Other Textures/Texture_Cafe.png
  artifactKey: Guid(73373c1551129674589c42776c21e7d4) Importer(815301076,1909f56bfc062723c751e8b465ee728b)
Start importing Assets/Scenes/Other Textures/Texture_Cafe.png using Guid(73373c1551129674589c42776c21e7d4) Importer(815301076,1909f56bfc062723c751e8b465ee728b)  -> (artifact id: 'caeb6ba1200ec60dd832890fa6e844ba') in 0.021269 seconds
Number of updated asset objects reloaded before import = 0
Number of asset objects unloaded after import = 2
========================================================================
Received Import Request.
  Time since last request: 0.000020 seconds.
  path: Assets/Scenes/Other Textures/РњРµС‚Р°Р»Р» 2.jpg
  artifactKey: Guid(fe189166af1ef854fa4c48c29ab400a8) Importer(815301076,1909f56bfc062723c751e8b465ee728b)
Start importing Assets/Scenes/Other Textures/РњРµС‚Р°Р»Р» 2.jpg using Guid(fe189166af1ef854fa4c48c29ab400a8) Importer(815301076,1909f56bfc062723c751e8b465ee728b)  -> (artifact id: '8b70a0360259cdf355896bf6b70e83ed') in 0.015083 seconds
Number of updated asset objects reloaded before import = 0
Number of asset objects unloaded after import = 2
========================================================================
Received Import Request.
  Time since last request: 2425.134835 seconds.
  path: Assets/resourses/Texture/Other Textures/Test2_NRM.jpg
  artifactKey: Guid(484801f8358c3cf48a6ddf063d11b40f) Importer(815301076,1909f56bfc062723c751e8b465ee728b)
Start importing Assets/resourses/Texture/Other Textures/Test2_NRM.jpg using Guid(484801f8358c3cf48a6ddf063d11b40f) Importer(815301076,1909f56bfc062723c751e8b465ee728b)  -> (artifact id: 'eef6d2f215b41f8a6431de5600ed11b7') in 0.048707 seconds
Number of updated asset objects reloaded before import = 0
Number of asset objects unloaded after import = 2
========================================================================
Received Import Request.
  Time since last request: 0.000029 seconds.
  path: Assets/resourses/Texture/Other Textures/Texture_Chair1.png
  artifactKey: Guid(88a4cc879e60f234d9a05e2ae43c3839) Importer(815301076,1909f56bfc062723c751e8b465ee728b)
Start importing Assets/resourses/Texture/Other Textures/Texture_Chair1.png using Guid(88a4cc879e60f234d9a05e2ae43c3839) Importer(815301076,1909f56bfc062723c751e8b465ee728b)  -> (artifact id: '0968f1fc803afdf93a956c4659081647') in 0.021114 seconds
Number of updated asset objects reloaded before import = 0
Number of asset objects unloaded after import = 2
========================================================================
Received Import Request.
  Time since last request: 0.000017 seconds.
  path: Assets/resourses/Texture/Other Textures/РњРµС‚Р°Р»Р».jpg
  artifactKey: Guid(58352294023e88447a21e84fccdc9133) Importer(815301076,1909f56bfc062723c751e8b465ee728b)
Start importing Assets/resourses/Texture/Other Textures/РњРµС‚Р°Р»Р».jpg using Guid(58352294023e88447a21e84fccdc9133) Importer(815301076,1909f56bfc062723c751e8b465ee728b)  -> (artifact id: 'fadcfaeeb40edd67f770dc41293f0e42') in 0.018335 seconds
Number of updated asset objects reloaded before import = 0
Number of asset objects unloaded after import = 2
========================================================================
Received Import Request.
  Time since last request: 0.000029 seconds.
  path: Assets/resourses/Texture/Other Textures/Texture_Table.001.png
  artifactKey: Guid(abec06ae136a9a74785886d286e8f85c) Importer(815301076,1909f56bfc062723c751e8b465ee728b)
Start importing Assets/resourses/Texture/Other Textures/Texture_Table.001.png using Guid(abec06ae136a9a74785886d286e8f85c) Importer(815301076,1909f56bfc062723c751e8b465ee728b)  -> (artifact id: 'ef982dd82b251064c4d699a03dcc936f') in 0.017308 seconds
Number of updated asset objects reloaded before import = 0
Number of asset objects unloaded after import = 2
========================================================================
Received Import Request.
  Time since last request: 0.000015 seconds.
  path: Assets/resourses/Texture/Other Textures/РљРёСЂРїРёС‡ 3.jpg
  artifactKey: Guid(7aba46e1e1110fe43a7d3e5e9b87b799) Importer(815301076,1909f56bfc062723c751e8b465ee728b)
Start importing Assets/resourses/Texture/Other Textures/РљРёСЂРїРёС‡ 3.jpg using Guid(7aba46e1e1110fe43a7d3e5e9b87b799) Importer(815301076,1909f56bfc062723c751e8b465ee728b)  -> (artifact id: '38392906186e7d0002abb0276a463a2c') in 0.020652 seconds
Number of updated asset objects reloaded before import = 0
Number of asset objects unloaded after import = 2
========================================================================
Received Import Request.
  Time since last request: 0.000020 seconds.
  path: Assets/resourses/Texture/Other Textures/РљРёСЂРїРёС‡ 3_NRM.jpg
  artifactKey: Guid(5b1ece55c0e3a54489dfc2014b7dced3) Importer(815301076,1909f56bfc062723c751e8b465ee728b)
Start importing Assets/resourses/Texture/Other Textures/РљРёСЂРїРёС‡ 3_NRM.jpg using Guid(5b1ece55c0e3a54489dfc2014b7dced3) Importer(815301076,1909f56bfc062723c751e8b465ee728b)  -> (artifact id: '7cd26eefff8181292000b49954e4322a') in 0.020324 seconds
Number of updated asset objects reloaded before import = 0
Number of asset objects unloaded after import = 2
========================================================================
Received Import Request.
  Time since last request: 0.000022 seconds.
  path: Assets/resourses/Texture/Other Textures/Texture_Roof.png
  artifactKey: Guid(149de98a11075f14d9654c184aaa3faf) Importer(815301076,1909f56bfc062723c751e8b465ee728b)
Start importing Assets/resourses/Texture/Other Textures/Texture_Roof.png using Guid(149de98a11075f14d9654c184aaa3faf) Importer(815301076,1909f56bfc062723c751e8b465ee728b)  -> (artifact id: '32b7afd17cb75dcaface6a20d71f50c3') in 0.013871 seconds
Number of updated asset objects reloaded before import = 0
Number of asset objects unloaded after import = 2
========================================================================
Received Import Request.
  Time since last request: 0.000017 seconds.
  path: Assets/resourses/Texture/Other Textures/Texture_Cafe.png
  artifactKey: Guid(ea5568edb0692894a82ead17677e7540) Importer(815301076,1909f56bfc062723c751e8b465ee728b)
Start importing Assets/resourses/Texture/Other Textures/Texture_Cafe.png using Guid(ea5568edb0692894a82ead17677e7540) Importer(815301076,1909f56bfc062723c751e8b465ee728b)  -> (artifact id: '6dd5b179b382eabaefbd5c6af57402d0') in 0.018938 seconds
Number of updated asset objects reloaded before import = 0
Number of asset objects unloaded after import = 2
========================================================================
Received Import Request.
  Time since last request: 0.000019 seconds.
  path: Assets/resourses/Texture/Other Textures/РњРµС‚Р°Р»Р» 2.jpg
  artifactKey: Guid(22a606647cfe5d346a9bd2724b77b772) Importer(815301076,1909f56bfc062723c751e8b465ee728b)
Start importing Assets/resourses/Texture/Other Textures/РњРµС‚Р°Р»Р» 2.jpg using Guid(22a606647cfe5d346a9bd2724b77b772) Importer(815301076,1909f56bfc062723c751e8b465ee728b)  -> (artifact id: '23b4ca41199d0a49c5c1193433e8401a') in 0.015963 seconds
Number of updated asset objects reloaded before import = 0
Number of asset objects unloaded after import = 2
Editor requested this worker to shutdown with reason: Scaling down because of idle timeout
TcpMessagingSession - receive error: operation aborted. errorcode: 995, details: Операция ввода/вывода была прервана из-за завершения потока команд или по запросу приложения.
AssetImportWorker is now disconnected from the server
Process exiting
Exiting without the bug reporter. Application will terminate with return code 0